Arguments: 
  C:\Program Files\nodejs\node.exe C:\Users\sj\AppData\Roaming\npm\node_modules\yarn\bin\yarn.js publish

PATH: 
  C:\Program Files\Git\mingw64\bin;C:\Program Files\Git\usr\bin;C:\Users\sj\bin;C:\ProgramData\Oracle\Java\javapath;C:\Windows\system32;C:\Windows;C:\Windows\System32\Wbem;C:\Windows\System32\WindowsPowerShell\v1.0;C:\Program Files (x86)\NVIDIA Corporation\PhysX\Common;C:\Program Files\Git\cmd;C:\Program Files\Git\mingw64\bin;C:\Program Files\Git\usr\bin;C:\Program Files\nodejs;C:\Users\sj\.windows-build-tools\python27;C:\WINDOWS\system32;C:\WINDOWS;C:\WINDOWS\System32\Wbem;C:\WINDOWS\System32\WindowsPowerShell\v1.0;C:\WINDOWS\System32\OpenSSH;C:\Program Files\MongoDB\Server\4.2\bin;C:\Users\sj\AppData\Local\Yarn\bin;C:\Program Files\dotnet;C:\Program Files\python;C:\Program Files\python\Scripts;D:\BtSoft\panel\script;C:\Users\sj\.windows-build-tools\python27;C:\Users\sj\AppData\Local\Programs\Microsoft VS Code\bin;C:\Users\sj\AppData\Roaming\npm;%USERPROFILE%\AppData\Local\Microsoft\WindowsApps

Yarn version: 
  1.17.3

Node version: 
  12.9.1

Platform: 
  win32 x64

Trace: 
  Error: canceled
      at Interface.<anonymous> (C:\Users\sj\AppData\Roaming\npm\node_modules\yarn\lib\cli.js:136724:13)
      at Interface.emit (events.js:209:13)
      at Interface._ttyWrite (readline.js:887:16)
      at ReadStream.onkeypress (readline.js:191:10)
      at ReadStream.emit (events.js:209:13)
      at emitKeys (internal/readline/utils.js:414:14)
      at emitKeys.next (<anonymous>)
      at ReadStream.onData (readline.js:1153:36)
      at ReadStream.emit (events.js:209:13)
      at addChunk (_stream_readable.js:305:12)

npm manifest: 
  {
    "name": "nestjs-mongoose-crud",
    "version": "1.2.0",
    "main": "dist/main.js",
    "typings": "dist/main.d.ts",
    "license": "MIT",
    "scripts": {
      "build": "tsc",
      "serve": "tsc --watch"
    },
    "devDependencies": {
      "@nestjs/common": "^6.8.2",
      "@nestjs/core": "^6.8.2",
      "@nestjs/swagger": "^3.1.0",
      "@types/express": "^4.17.1",
      "@types/lodash": "^4.14.142",
      "@types/mongoose": "^5.5.19",
      "class-transformer": "^0.2.3",
      "class-validator": "^0.11.0",
      "lodash": "^4.17.15",
      "mongoose": "^5.7.5",
      "reflect-metadata": "^0.1.13",
      "rxjs": "^6.5.3",
      "typescript": "^3.6.3"
    },
    "peerDependencies": {
      "class-transformer": "^0.2.3",
      "class-validator": "^0.11.2"
    },
    "dependencies": {}
  }

yarn manifest: 
  No manifest

Lockfile: 
  # THIS IS AN AUTOGENERATED FILE. DO NOT EDIT THIS FILE DIRECTLY.
  # yarn lockfile v1
  
  
  "@nestjs/common@^6.8.2":
    version "6.10.1"
    resolved "https://registry.npm.taobao.org/@nestjs/common/download/@nestjs/common-6.10.1.tgz#5df052415984e20df459f1dc3743638f5928a0d0"
    integrity sha1-XfBSQVmE4g30WfHcN0Njj1kooNA=
    dependencies:
      axios "0.19.0"
      cli-color "2.0.0"
      uuid "3.3.3"
  
  "@nestjs/core@^6.8.2":
    version "6.10.1"
    resolved "https://registry.npm.taobao.org/@nestjs/core/download/@nestjs/core-6.10.1.tgz#ffa708a2f20494d0234ad0d9c80385421bd8cfd0"
    integrity sha1-/6cIovIElNAjStDZyAOFQhvYz9A=
    dependencies:
      "@nuxtjs/opencollective" "0.2.2"
      fast-safe-stringify "2.0.7"
      iterare "1.2.0"
      object-hash "2.0.0"
      uuid "3.3.3"
  
  "@nestjs/swagger@^3.1.0":
    version "3.1.0"
    resolved "https://registry.npm.taobao.org/@nestjs/swagger/download/@nestjs/swagger-3.1.0.tgz#eea2d2ef7416a588e5f122b58cd194884e265dc4"
    integrity sha1-7qLS73QWpYjl8SK1jNGUiE4mXcQ=
    dependencies:
      lodash "4.17.14"
      path-to-regexp "3.0.0"
  
  "@nuxtjs/opencollective@0.2.2":
    version "0.2.2"
    resolved "https://registry.npm.taobao.org/@nuxtjs/opencollective/download/@nuxtjs/opencollective-0.2.2.tgz#26a761ebf588cc92a422d7cee996a66bd6e2761e"
    integrity sha1-Jqdh6/WIzJKkItfO6Zama9bidh4=
    dependencies:
      chalk "^2.4.1"
      consola "^2.3.0"
      node-fetch "^2.3.0"
  
  "@types/body-parser@*":
    version "1.17.1"
    resolved "https://registry.npm.taobao.org/@types/body-parser/download/@types/body-parser-1.17.1.tgz#18fcf61768fb5c30ccc508c21d6fd2e8b3bf7897"
    integrity sha1-GPz2F2j7XDDMxQjCHW/S6LO/eJc=
    dependencies:
      "@types/connect" "*"
      "@types/node" "*"
  
  "@types/bson@*":
    version "4.0.1"
    resolved "https://registry.npm.taobao.org/@types/bson/download/@types/bson-4.0.1.tgz#2bfc80819e7055b76d5496d5344ed23e5d12bbb2"
    integrity sha1-K/yAgZ5wVbdtVJbVNE7SPl0Su7I=
    dependencies:
      "@types/node" "*"
  
  "@types/connect@*":
    version "3.4.32"
    resolved "https://registry.npm.taobao.org/@types/connect/download/@types/connect-3.4.32.tgz#aa0e9616b9435ccad02bc52b5b454ffc2c70ba28"
    integrity sha1-qg6WFrlDXMrQK8UrW0VP/Cxwuig=
    dependencies:
      "@types/node" "*"
  
  "@types/express-serve-static-core@*":
    version "4.17.0"
    resolved "https://registry.npm.taobao.org/@types/express-serve-static-core/download/@types/express-serve-static-core-4.17.0.tgz#e80c25903df5800e926402b7e8267a675c54a281"
    integrity sha1-6AwlkD31gA6SZAK36CZ6Z1xUooE=
    dependencies:
      "@types/node" "*"
      "@types/range-parser" "*"
  
  "@types/express@^4.17.1":
    version "4.17.2"
    resolved "https://registry.npm.taobao.org/@types/express/download/@types/express-4.17.2.tgz?cache=0&sync_timestamp=1572977001337&other_urls=https%3A%2F%2Fregistry.npm.taobao.org%2F%40types%2Fexpress%2Fdownload%2F%40types%2Fexpress-4.17.2.tgz#a0fb7a23d8855bac31bc01d5a58cadd9b2173e6c"
    integrity sha1-oPt6I9iFW6wxvAHVpYyt2bIXPmw=
    dependencies:
      "@types/body-parser" "*"
      "@types/express-serve-static-core" "*"
      "@types/serve-static" "*"
  
  "@types/lodash@^4.14.142":
    version "4.14.149"
    resolved "https://registry.npm.taobao.org/@types/lodash/download/@types/lodash-4.14.149.tgz?cache=0&sync_timestamp=1574120085454&other_urls=https%3A%2F%2Fregistry.npm.taobao.org%2F%40types%2Flodash%2Fdownload%2F%40types%2Flodash-4.14.149.tgz#1342d63d948c6062838fbf961012f74d4e638440"
    integrity sha1-E0LWPZSMYGKDj7+WEBL3TU5jhEA=
  
  "@types/mime@*":
    version "2.0.1"
    resolved "https://registry.npm.taobao.org/@types/mime/download/@types/mime-2.0.1.tgz#dc488842312a7f075149312905b5e3c0b054c79d"
    integrity sha1-3EiIQjEqfwdRSTEpBbXjwLBUx50=
  
  "@types/mongodb@*":
    version "3.3.11"
    resolved "https://registry.npm.taobao.org/@types/mongodb/download/@types/mongodb-3.3.11.tgz#8db69d44cd3845a8867452c2a9b7f449fe65f1fc"
    integrity sha1-jbadRM04RaiGdFLCqbf0Sf5l8fw=
    dependencies:
      "@types/bson" "*"
      "@types/node" "*"
  
  "@types/mongoose@^5.5.19":
    version "5.5.32"
    resolved "https://registry.npm.taobao.org/@types/mongoose/download/@types/mongoose-5.5.32.tgz#8a76c5be029086c1225bf88ed3ca83f01181121f"
    integrity sha1-inbFvgKQhsEiW/iO08qD8BGBEh8=
    dependencies:
      "@types/mongodb" "*"
      "@types/node" "*"
  
  "@types/node@*":
    version "12.12.11"
    resolved "https://registry.npm.taobao.org/@types/node/download/@types/node-12.12.11.tgz#bec2961975888d964196bf0016a2f984d793d3ce"
    integrity sha1-vsKWGXWIjZZBlr8AFqL5hNeT084=
  
  "@types/range-parser@*":
    version "1.2.3"
    resolved "https://registry.npm.taobao.org/@types/range-parser/download/@types/range-parser-1.2.3.tgz?cache=0&sync_timestamp=1572463876708&other_urls=https%3A%2F%2Fregistry.npm.taobao.org%2F%40types%2Frange-parser%2Fdownload%2F%40types%2Frange-parser-1.2.3.tgz#7ee330ba7caafb98090bece86a5ee44115904c2c"
    integrity sha1-fuMwunyq+5gJC+zoal7kQRWQTCw=
  
  "@types/serve-static@*":
    version "1.13.3"
    resolved "https://registry.npm.taobao.org/@types/serve-static/download/@types/serve-static-1.13.3.tgz#eb7e1c41c4468272557e897e9171ded5e2ded9d1"
    integrity sha1-634cQcRGgnJVfol+kXHe1eLe2dE=
    dependencies:
      "@types/express-serve-static-core" "*"
      "@types/mime" "*"
  
  "@types/validator@10.11.3":
    version "10.11.3"
    resolved "https://registry.npm.taobao.org/@types/validator/download/@types/validator-10.11.3.tgz#945799bef24a953c5bc02011ca8ad79331a3ef25"
    integrity sha1-lFeZvvJKlTxbwCARyorXkzGj7yU=
  
  ansi-regex@^2.1.1:
    version "2.1.1"
    resolved "https://registry.npm.taobao.org/ansi-regex/download/ansi-regex-2.1.1.tgz#c3b33ab5ee360d86e0e628f0468ae7ef27d654df"
    integrity sha1-w7M6te42DYbg5ijwRorn7yfWVN8=
  
  ansi-styles@^3.2.1:
    version "3.2.1"
    resolved "https://registry.npm.taobao.org/ansi-styles/download/ansi-styles-3.2.1.tgz#41fbb20243e50b12be0f04b8dedbf07520ce841d"
    integrity sha1-QfuyAkPlCxK+DwS43tvwdSDOhB0=
    dependencies:
      color-convert "^1.9.0"
  
  axios@0.19.0:
    version "0.19.0"
    resolved "https://registry.npm.taobao.org/axios/download/axios-0.19.0.tgz?cache=0&other_urls=https%3A%2F%2Fregistry.npm.taobao.org%2Faxios%2Fdownload%2Faxios-0.19.0.tgz#8e09bff3d9122e133f7b8101c8fbdd00ed3d2ab8"
    integrity sha1-jgm/89kSLhM/e4EByPvdAO09Krg=
    dependencies:
      follow-redirects "1.5.10"
      is-buffer "^2.0.2"
  
  bluebird@3.5.1:
    version "3.5.1"
    resolved "https://registry.npm.taobao.org/bluebird/download/bluebird-3.5.1.tgz#d9551f9de98f1fcda1e683d17ee91a0602ee2eb9"
    integrity sha1-2VUfnemPH82h5oPRfukaBgLuLrk=
  
  bson@^1.1.1, bson@~1.1.1:
    version "1.1.3"
    resolved "https://registry.npm.taobao.org/bson/download/bson-1.1.3.tgz#aa82cb91f9a453aaa060d6209d0675114a8154d3"
    integrity sha1-qoLLkfmkU6qgYNYgnQZ1EUqBVNM=
  
  chalk@^2.4.1:
    version "2.4.2"
    resolved "https://registry.npm.taobao.org/chalk/download/chalk-2.4.2.tgz?cache=0&sync_timestamp=1573282949696&other_urls=https%3A%2F%2Fregistry.npm.taobao.org%2Fchalk%2Fdownload%2Fchalk-2.4.2.tgz#cd42541677a54333cf541a49108c1432b44c9424"
    integrity sha1-zUJUFnelQzPPVBpJEIwUMrRMlCQ=
    dependencies:
      ansi-styles "^3.2.1"
      escape-string-regexp "^1.0.5"
      supports-color "^5.3.0"
  
  class-transformer@^0.2.3:
    version "0.2.3"
    resolved "https://registry.npm.taobao.org/class-transformer/download/class-transformer-0.2.3.tgz#598c92ca71dcca73f91ccb875d74a3847ccfa32d"
    integrity sha1-WYySynHcynP5HMuHXXSjhHzPoy0=
  
  class-validator@^0.11.0:
    version "0.11.0"
    resolved "https://registry.npm.taobao.org/class-validator/download/class-validator-0.11.0.tgz#5fca8b8a957c738a6749391e03ee81fad375dc4a"
    integrity sha1-X8qLipV8c4pnSTkeA+6B+tN13Eo=
    dependencies:
      "@types/validator" "10.11.3"
      google-libphonenumber "^3.1.6"
      validator "12.0.0"
  
  cli-color@2.0.0:
    version "2.0.0"
    resolved "https://registry.npm.taobao.org/cli-color/download/cli-color-2.0.0.tgz#11ecfb58a79278cf6035a60c54e338f9d837897c"
    integrity sha1-Eez7WKeSeM9gNaYMVOM4+dg3iXw=
    dependencies:
      ansi-regex "^2.1.1"
      d "^1.0.1"
      es5-ext "^0.10.51"
      es6-iterator "^2.0.3"
      memoizee "^0.4.14"
      timers-ext "^0.1.7"
  
  color-convert@^1.9.0:
    version "1.9.3"
    resolved "https://registry.npm.taobao.org/color-convert/download/color-convert-1.9.3.tgz#bb71850690e1f136567de629d2d5471deda4c1e8"
    integrity sha1-u3GFBpDh8TZWfeYp0tVHHe2kweg=
    dependencies:
      color-name "1.1.3"
  
  color-name@1.1.3:
    version "1.1.3"
    resolved "https://registry.npm.taobao.org/color-name/download/color-name-1.1.3.tgz#a7d0558bd89c42f795dd42328f740831ca53bc25"
    integrity sha1-p9BVi9icQveV3UIyj3QIMcpTvCU=
  
  consola@^2.3.0:
    version "2.11.0"
    resolved "https://registry.npm.taobao.org/consola/download/consola-2.11.0.tgz#9bb35d850d8cecde894ce2eb4d792fa6b90d9013"
    integrity sha1-m7NdhQ2M7N6JTOLrTXkvprkNkBM=
  
  d@1, d@^1.0.1:
    version "1.0.1"
    resolved "https://registry.npm.taobao.org/d/download/d-1.0.1.tgz?cache=0&sync_timestamp=1560529642619&other_urls=https%3A%2F%2Fregistry.npm.taobao.org%2Fd%2Fdownload%2Fd-1.0.1.tgz#8698095372d58dbee346ffd0c7093f99f8f9eb5a"
    integrity sha1-hpgJU3LVjb7jRv/Qxwk/mfj561o=
    dependencies:
      es5-ext "^0.10.50"
      type "^1.0.1"
  
  debug@3.1.0, debug@=3.1.0:
    version "3.1.0"
    resolved "https://registry.npm.taobao.org/debug/download/debug-3.1.0.tgz#5bb5a0672628b64149566ba16819e61518c67261"
    integrity sha1-W7WgZyYotkFJVmuhaBnmFRjGcmE=
    dependencies:
      ms "2.0.0"
  
  es5-ext@^0.10.35, es5-ext@^0.10.45, es5-ext@^0.10.46, es5-ext@^0.10.50, es5-ext@^0.10.51, es5-ext@~0.10.14, es5-ext@~0.10.2, es5-ext@~0.10.46:
    version "0.10.52"
    resolved "https://registry.npm.taobao.org/es5-ext/download/es5-ext-0.10.52.tgz#bb21777e919a04263736ded120a9d665f10ea63f"
    integrity sha1-uyF3fpGaBCY3Nt7RIKnWZfEOpj8=
    dependencies:
      es6-iterator "~2.0.3"
      es6-symbol "~3.1.2"
      next-tick "~1.0.0"
  
  es6-iterator@^2.0.3, es6-iterator@~2.0.3:
    version "2.0.3"
    resolved "https://registry.npm.taobao.org/es6-iterator/download/es6-iterator-2.0.3.tgz#a7de889141a05a94b0854403b2d0a0fbfa98f3b7"
    integrity sha1-p96IkUGgWpSwhUQDstCg+/qY87c=
    dependencies:
      d "1"
      es5-ext "^0.10.35"
      es6-symbol "^3.1.1"
  
  es6-symbol@^3.1.1, es6-symbol@~3.1.2:
    version "3.1.3"
    resolved "https://registry.npm.taobao.org/es6-symbol/download/es6-symbol-3.1.3.tgz#bad5d3c1bcdac28269f4cb331e431c78ac705d18"
    integrity sha1-utXTwbzawoJp9MszHkMceKxwXRg=
    dependencies:
      d "^1.0.1"
      ext "^1.1.2"
  
  es6-weak-map@^2.0.2:
    version "2.0.3"
    resolved "https://registry.npm.taobao.org/es6-weak-map/download/es6-weak-map-2.0.3.tgz#b6da1f16cc2cc0d9be43e6bdbfc5e7dfcdf31d53"
    integrity sha1-ttofFswswNm+Q+a9v8Xn383zHVM=
    dependencies:
      d "1"
      es5-ext "^0.10.46"
      es6-iterator "^2.0.3"
      es6-symbol "^3.1.1"
  
  escape-string-regexp@^1.0.5:
    version "1.0.5"
    resolved "https://registry.npm.taobao.org/escape-string-regexp/download/escape-string-regexp-1.0.5.tgz?cache=0&other_urls=https%3A%2F%2Fregistry.npm.taobao.org%2Fescape-string-regexp%2Fdownload%2Fescape-string-regexp-1.0.5.tgz#1b61c0562190a8dff6ae3bb2cf0200ca130b86d4"
    integrity sha1-G2HAViGQqN/2rjuyzwIAyhMLhtQ=
  
  event-emitter@^0.3.5:
    version "0.3.5"
    resolved "https://registry.npm.taobao.org/event-emitter/download/event-emitter-0.3.5.tgz#df8c69eef1647923c7157b9ce83840610b02cc39"
    integrity sha1-34xp7vFkeSPHFXuc6DhAYQsCzDk=
    dependencies:
      d "1"
      es5-ext "~0.10.14"
  
  ext@^1.1.2:
    version "1.2.0"
    resolved "https://registry.npm.taobao.org/ext/download/ext-1.2.0.tgz?cache=0&sync_timestamp=1573137628152&other_urls=https%3A%2F%2Fregistry.npm.taobao.org%2Fext%2Fdownload%2Fext-1.2.0.tgz#8dd8d2dd21bcced3045be09621fa0cbf73908ba4"
    integrity sha1-jdjS3SG8ztMEW+CWIfoMv3OQi6Q=
    dependencies:
      type "^2.0.0"
  
  fast-safe-stringify@2.0.7:
    version "2.0.7"
    resolved "https://registry.npm.taobao.org/fast-safe-stringify/download/fast-safe-stringify-2.0.7.tgz#124aa885899261f68aedb42a7c080de9da608743"
    integrity sha1-EkqohYmSYfaK7bQqfAgN6dpgh0M=
  
  follow-redirects@1.5.10:
    version "1.5.10"
    resolved "https://registry.npm.taobao.org/follow-redirects/download/follow-redirects-1.5.10.tgz#7b7a9f9aea2fdff36786a94ff643ed07f4ff5e2a"
    integrity sha1-e3qfmuov3/NnhqlP9kPtB/T/Xio=
    dependencies:
      debug "=3.1.0"
  
  google-libphonenumber@^3.1.6:
    version "3.2.6"
    resolved "https://registry.npm.taobao.org/google-libphonenumber/download/google-libphonenumber-3.2.6.tgz#3d725b48ff44706b80246e77f95f2c2fdc6fd729"
    integrity sha1-PXJbSP9EcGuAJG53+V8sL9xv1yk=
  
  has-flag@^3.0.0:
    version "3.0.0"
    resolved "https://registry.npm.taobao.org/has-flag/download/has-flag-3.0.0.tgz#b5d454dc2199ae225699f3467e5a07f3b955bafd"
    integrity sha1-tdRU3CGZriJWmfNGfloH87lVuv0=
  
  is-buffer@^2.0.2:
    version "2.0.4"
    resolved "https://registry.npm.taobao.org/is-buffer/download/is-buffer-2.0.4.tgz#3e572f23c8411a5cfd9557c849e3665e0b290623"
    integrity sha1-PlcvI8hBGlz9lVfISeNmXgspBiM=
  
  is-promise@^2.1:
    version "2.1.0"
    resolved "https://registry.npm.taobao.org/is-promise/download/is-promise-2.1.0.tgz#79a2a9ece7f096e80f36d2b2f3bc16c1ff4bf3fa"
    integrity sha1-eaKp7OfwlugPNtKy87wWwf9L8/o=
  
  iterare@1.2.0:
    version "1.2.0"
    resolved "https://registry.npm.taobao.org/iterare/download/iterare-1.2.0.tgz#7427f5ed45986e4b73e2fea903579f1117f3dd15"
    integrity sha1-dCf17UWYbktz4v6pA1efERfz3RU=
  
  kareem@2.3.1:
    version "2.3.1"
    resolved "https://registry.npm.taobao.org/kareem/download/kareem-2.3.1.tgz?cache=0&sync_timestamp=1566531900680&other_urls=https%3A%2F%2Fregistry.npm.taobao.org%2Fkareem%2Fdownload%2Fkareem-2.3.1.tgz#def12d9c941017fabfb00f873af95e9c99e1be87"
    integrity sha1-3vEtnJQQF/q/sA+HOvlenJnhvoc=
  
  lodash@4.17.14:
    version "4.17.14"
    resolved "https://registry.npm.taobao.org/lodash/download/lodash-4.17.14.tgz?cache=0&other_urls=https%3A%2F%2Fregistry.npm.taobao.org%2Flodash%2Fdownload%2Flodash-4.17.14.tgz#9ce487ae66c96254fe20b599f21b6816028078ba"
    integrity sha1-nOSHrmbJYlT+ILWZ8htoFgKAeLo=
  
  lodash@^4.17.15:
    version "4.17.15"
    resolved "https://registry.npm.taobao.org/lodash/download/lodash-4.17.15.tgz?cache=0&other_urls=https%3A%2F%2Fregistry.npm.taobao.org%2Flodash%2Fdownload%2Flodash-4.17.15.tgz#b447f6670a0455bbfeedd11392eff330ea097548"
    integrity sha1-tEf2ZwoEVbv+7dETku/zMOoJdUg=
  
  lru-queue@0.1:
    version "0.1.0"
    resolved "https://registry.npm.taobao.org/lru-queue/download/lru-queue-0.1.0.tgz#2738bd9f0d3cf4f84490c5736c48699ac632cda3"
    integrity sha1-Jzi9nw089PhEkMVzbEhpmsYyzaM=
    dependencies:
      es5-ext "~0.10.2"
  
  memoizee@^0.4.14:
    version "0.4.14"
    resolved "https://registry.npm.taobao.org/memoizee/download/memoizee-0.4.14.tgz#07a00f204699f9a95c2d9e77218271c7cd610d57"
    integrity sha1-B6APIEaZ+alcLZ53IYJxx81hDVc=
    dependencies:
      d "1"
      es5-ext "^0.10.45"
      es6-weak-map "^2.0.2"
      event-emitter "^0.3.5"
      is-promise "^2.1"
      lru-queue "0.1"
      next-tick "1"
      timers-ext "^0.1.5"
  
  memory-pager@^1.0.2:
    version "1.5.0"
    resolved "https://registry.npm.taobao.org/memory-pager/download/memory-pager-1.5.0.tgz#d8751655d22d384682741c972f2c3d6dfa3e66b5"
    integrity sha1-2HUWVdItOEaCdByXLyw9bfo+ZrU=
  
  mongodb@3.3.4:
    version "3.3.4"
    resolved "https://registry.npm.taobao.org/mongodb/download/mongodb-3.3.4.tgz#f52eec4a04005101e63715d4d1f67bf784fa0aef"
    integrity sha1-9S7sSgQAUQHmNxXU0fZ794T6Cu8=
    dependencies:
      bson "^1.1.1"
      require_optional "^1.0.1"
      safe-buffer "^5.1.2"
    optionalDependencies:
      saslprep "^1.0.0"
  
  mongoose-legacy-pluralize@1.0.2:
    version "1.0.2"
    resolved "https://registry.npm.taobao.org/mongoose-legacy-pluralize/download/mongoose-legacy-pluralize-1.0.2.tgz#3ba9f91fa507b5186d399fb40854bff18fb563e4"
    integrity sha1-O6n5H6UHtRhtOZ+0CFS/8Y+1Y+Q=
  
  mongoose@^5.7.5:
    version "5.7.12"
    resolved "https://registry.npm.taobao.org/mongoose/download/mongoose-5.7.12.tgz#ef22a0f741970b6ba504995fdbe0ac9d8289d615"
    integrity sha1-7yKg90GXC2ulBJlf2+CsnYKJ1hU=
    dependencies:
      bson "~1.1.1"
      kareem "2.3.1"
      mongodb "3.3.4"
      mongoose-legacy-pluralize "1.0.2"
      mpath "0.6.0"
      mquery "3.2.2"
      ms "2.1.2"
      regexp-clone "1.0.0"
      safe-buffer "5.1.2"
      sift "7.0.1"
      sliced "1.0.1"
  
  mpath@0.6.0:
    version "0.6.0"
    resolved "https://registry.npm.taobao.org/mpath/download/mpath-0.6.0.tgz#aa922029fca4f0f641f360e74c5c1b6a4c47078e"
    integrity sha1-qpIgKfyk8PZB82DnTFwbakxHB44=
  
  mquery@3.2.2:
    version "3.2.2"
    resolved "https://registry.npm.taobao.org/mquery/download/mquery-3.2.2.tgz#e1383a3951852ce23e37f619a9b350f1fb3664e7"
    integrity sha1-4Tg6OVGFLOI+N/YZqbNQ8fs2ZOc=
    dependencies:
      bluebird "3.5.1"
      debug "3.1.0"
      regexp-clone "^1.0.0"
      safe-buffer "5.1.2"
      sliced "1.0.1"
  
  ms@2.0.0:
    version "2.0.0"
    resolved "https://registry.npm.taobao.org/ms/download/ms-2.0.0.tgz#5608aeadfc00be6c2901df5f9861788de0d597c8"
    integrity sha1-VgiurfwAvmwpAd9fmGF4jeDVl8g=
  
  ms@2.1.2:
    version "2.1.2"
    resolved "https://registry.npm.taobao.org/ms/download/ms-2.1.2.tgz#d09d1f357b443f493382a8eb3ccd183872ae6009"
    integrity sha1-0J0fNXtEP0kzgqjrPM0YOHKuYAk=
  
  next-tick@1, next-tick@~1.0.0:
    version "1.0.0"
    resolved "https://registry.npm.taobao.org/next-tick/download/next-tick-1.0.0.tgz#ca86d1fe8828169b0120208e3dc8424b9db8342c"
    integrity sha1-yobR/ogoFpsBICCOPchCS524NCw=
  
  node-fetch@^2.3.0:
    version "2.6.0"
    resolved "https://registry.npm.taobao.org/node-fetch/download/node-fetch-2.6.0.tgz#e633456386d4aa55863f676a7ab0daa8fdecb0fd"
    integrity sha1-5jNFY4bUqlWGP2dqerDaqP3ssP0=
  
  object-hash@2.0.0:
    version "2.0.0"
    resolved "https://registry.npm.taobao.org/object-hash/download/object-hash-2.0.0.tgz#7c4cc341eb8b53367312a7c546142f00c9e0ea20"
    integrity sha1-fEzDQeuLUzZzEqfFRhQvAMng6iA=
  
  path-to-regexp@3.0.0:
    version "3.0.0"
    resolved "https://registry.npm.taobao.org/path-to-regexp/download/path-to-regexp-3.0.0.tgz#c981a218f3df543fa28696be2f88e0c58d2e012a"
    integrity sha1-yYGiGPPfVD+ihpa+L4jgxY0uASo=
  
  reflect-metadata@^0.1.13:
    version "0.1.13"
    resolved "https://registry.npm.taobao.org/reflect-metadata/download/reflect-metadata-0.1.13.tgz#67ae3ca57c972a2aa1642b10fe363fe32d49dc08"
    integrity sha1-Z648pXyXKiqhZCsQ/jY/4y1J3Ag=
  
  regexp-clone@1.0.0, regexp-clone@^1.0.0:
    version "1.0.0"
    resolved "https://registry.npm.taobao.org/regexp-clone/download/regexp-clone-1.0.0.tgz#222db967623277056260b992626354a04ce9bf63"
    integrity sha1-Ii25Z2IydwViYLmSYmNUoEzpv2M=
  
  require_optional@^1.0.1:
    version "1.0.1"
    resolved "https://registry.npm.taobao.org/require_optional/download/require_optional-1.0.1.tgz#4cf35a4247f64ca3df8c2ef208cc494b1ca8fc2e"
    integrity sha1-TPNaQkf2TKPfjC7yCMxJSxyo/C4=
    dependencies:
      resolve-from "^2.0.0"
      semver "^5.1.0"
  
  resolve-from@^2.0.0:
    version "2.0.0"
    resolved "https://registry.npm.taobao.org/resolve-from/download/resolve-from-2.0.0.tgz#9480ab20e94ffa1d9e80a804c7ea147611966b57"
    integrity sha1-lICrIOlP+h2egKgEx+oUdhGWa1c=
  
  rxjs@^6.5.3:
    version "6.5.3"
    resolved "https://registry.npm.taobao.org/rxjs/download/rxjs-6.5.3.tgz#510e26317f4db91a7eb1de77d9dd9ba0a4899a3a"
    integrity sha1-UQ4mMX9NuRp+sd532d2boKSJmjo=
    dependencies:
      tslib "^1.9.0"
  
  safe-buffer@5.1.2:
    version "5.1.2"
    resolved "https://registry.npm.taobao.org/safe-buffer/download/safe-buffer-5.1.2.tgz?cache=0&sync_timestamp=1562377642757&other_urls=https%3A%2F%2Fregistry.npm.taobao.org%2Fsafe-buffer%2Fdownload%2Fsafe-buffer-5.1.2.tgz#991ec69d296e0313747d59bdfd2b745c35f8828d"
    integrity sha1-mR7GnSluAxN0fVm9/St0XDX4go0=
  
  safe-buffer@^5.1.2:
    version "5.2.0"
    resolved "https://registry.npm.taobao.org/safe-buffer/download/safe-buffer-5.2.0.tgz?cache=0&sync_timestamp=1562377642757&other_urls=https%3A%2F%2Fregistry.npm.taobao.org%2Fsafe-buffer%2Fdownload%2Fsafe-buffer-5.2.0.tgz#b74daec49b1148f88c64b68d49b1e815c1f2f519"
    integrity sha1-t02uxJsRSPiMZLaNSbHoFcHy9Rk=
  
  saslprep@^1.0.0:
    version "1.0.3"
    resolved "https://registry.npm.taobao.org/saslprep/download/saslprep-1.0.3.tgz#4c02f946b56cf54297e347ba1093e7acac4cf226"
    integrity sha1-TAL5RrVs9UKX40e6EJPnrKxM8iY=
    dependencies:
      sparse-bitfield "^3.0.3"
  
  semver@^5.1.0:
    version "5.7.1"
    resolved "https://registry.npm.taobao.org/semver/download/semver-5.7.1.tgz?cache=0&sync_timestamp=1565627380363&other_urls=https%3A%2F%2Fregistry.npm.taobao.org%2Fsemver%2Fdownload%2Fsemver-5.7.1.tgz#a954f931aeba508d307bbf069eff0c01c96116f7"
    integrity sha1-qVT5Ma66UI0we78Gnv8MAclhFvc=
  
  sift@7.0.1:
    version "7.0.1"
    resolved "https://registry.npm.taobao.org/sift/download/sift-7.0.1.tgz#47d62c50b159d316f1372f8b53f9c10cd21a4b08"
    integrity sha1-R9YsULFZ0xbxNy+LU/nBDNIaSwg=
  
  sliced@1.0.1:
    version "1.0.1"
    resolved "https://registry.npm.taobao.org/sliced/download/sliced-1.0.1.tgz#0b3a662b5d04c3177b1926bea82b03f837a2ef41"
    integrity sha1-CzpmK10Ewxd7GSa+qCsD+Dei70E=
  
  sparse-bitfield@^3.0.3:
    version "3.0.3"
    resolved "https://registry.npm.taobao.org/sparse-bitfield/download/sparse-bitfield-3.0.3.tgz#ff4ae6e68656056ba4b3e792ab3334d38273ca11"
    integrity sha1-/0rm5oZWBWuks+eSqzM004JzyhE=
    dependencies:
      memory-pager "^1.0.2"
  
  supports-color@^5.3.0:
    version "5.5.0"
    resolved "https://registry.npm.taobao.org/supports-color/download/supports-color-5.5.0.tgz?cache=0&other_urls=https%3A%2F%2Fregistry.npm.taobao.org%2Fsupports-color%2Fdownload%2Fsupports-color-5.5.0.tgz#e2e69a44ac8772f78a1ec0b35b689df6530efc8f"
    integrity sha1-4uaaRKyHcveKHsCzW2id9lMO/I8=
    dependencies:
      has-flag "^3.0.0"
  
  timers-ext@^0.1.5, timers-ext@^0.1.7:
    version "0.1.7"
    resolved "https://registry.npm.taobao.org/timers-ext/download/timers-ext-0.1.7.tgz#6f57ad8578e07a3fb9f91d9387d65647555e25c6"
    integrity sha1-b1ethXjgej+5+R2Th9ZWR1VeJcY=
    dependencies:
      es5-ext "~0.10.46"
      next-tick "1"
  
  tslib@^1.9.0:
    version "1.10.0"
    resolved "https://registry.npm.taobao.org/tslib/download/tslib-1.10.0.tgz#c3c19f95973fb0a62973fb09d90d961ee43e5c8a"
    integrity sha1-w8GflZc/sKYpc/sJ2Q2WHuQ+XIo=
  
  type@^1.0.1:
    version "1.2.0"
    resolved "https://registry.npm.taobao.org/type/download/type-1.2.0.tgz?cache=0&sync_timestamp=1570722894467&other_urls=https%3A%2F%2Fregistry.npm.taobao.org%2Ftype%2Fdownload%2Ftype-1.2.0.tgz#848dd7698dafa3e54a6c479e759c4bc3f18847a0"
    integrity sha1-hI3XaY2vo+VKbEeedZxLw/GIR6A=
  
  type@^2.0.0:
    version "2.0.0"
    resolved "https://registry.npm.taobao.org/type/download/type-2.0.0.tgz?cache=0&sync_timestamp=1570722894467&other_urls=https%3A%2F%2Fregistry.npm.taobao.org%2Ftype%2Fdownload%2Ftype-2.0.0.tgz#5f16ff6ef2eb44f260494dae271033b29c09a9c3"
    integrity sha1-Xxb/bvLrRPJgSU2uJxAzspwJqcM=
  
  typescript@^3.6.3:
    version "3.7.2"
    resolved "https://registry.npm.taobao.org/typescript/download/typescript-3.7.2.tgz?cache=0&other_urls=https%3A%2F%2Fregistry.npm.taobao.org%2Ftypescript%2Fdownload%2Ftypescript-3.7.2.tgz#27e489b95fa5909445e9fef5ee48d81697ad18fb"
    integrity sha1-J+SJuV+lkJRF6f717kjYFpetGPs=
  
  uuid@3.3.3:
    version "3.3.3"
    resolved "https://registry.npm.taobao.org/uuid/download/uuid-3.3.3.tgz#4568f0216e78760ee1dbf3a4d2cf53e224112866"
    integrity sha1-RWjwIW54dg7h2/Ok0s9T4iQRKGY=
  
  validator@12.0.0:
    version "12.0.0"
    resolved "https://registry.npm.taobao.org/validator/download/validator-12.0.0.tgz#fb33221f5320abe2422cda2f517dc3838064e813"
    integrity sha1-+zMiH1Mgq+JCLNovUX3Dg4Bk6BM=
